<?xml version="1.0" encoding="UTF-8"?>
<testng-results ignored="0" total="3" passed="3" failed="0" skipped="0">
  <reporter-output>
  </reporter-output>
  <suite started-at="2023-07-21T23:49:05 IST" name="Default suite" finished-at="2023-07-21T23:49:07 IST" duration-ms="2591">
    <groups>
    </groups>
    <test started-at="2023-07-21T23:49:05 IST" name="Default test" finished-at="2023-07-21T23:49:07 IST" duration-ms="2591">
      <class name="files.DynamicJson">
        <test-method signature="getBook(java.lang.String,java.lang.String)[pri:0, instance:files.DynamicJson@611889f4]" started-at="2023-07-21T23:49:05 IST" name="getBook" data-provider="BooksData" finished-at="2023-07-21T23:49:07 IST" duration-ms="2208" status="PASS">
          <params>
            <param index="0">
              <value>
                <![CDATA[setA]]>
              </value>
            </param>
            <param index="1">
              <value>
                <![CDATA[123]]>
              </value>
            </param>
          </params>
          <reporter-output>
          </reporter-output>
        </test-method> <!-- getBook -->
        <test-method signature="getBook(java.lang.String,java.lang.String)[pri:0, instance:files.DynamicJson@611889f4]" started-at="2023-07-21T23:49:07 IST" name="getBook" data-provider="BooksData" finished-at="2023-07-21T23:49:07 IST" duration-ms="160" status="PASS">
          <params>
            <param index="0">
              <value>
                <![CDATA[setB]]>
              </value>
            </param>
            <param index="1">
              <value>
                <![CDATA[456]]>
              </value>
            </param>
          </params>
          <reporter-output>
          </reporter-output>
        </test-method> <!-- getBook -->
        <test-method signature="getBook(java.lang.String,java.lang.String)[pri:0, instance:files.DynamicJson@611889f4]" started-at="2023-07-21T23:49:07 IST" name="getBook" data-provider="BooksData" finished-at="2023-07-21T23:49:07 IST" duration-ms="187" status="PASS">
          <params>
            <param index="0">
              <value>
                <![CDATA[setC]]>
              </value>
            </param>
            <param index="1">
              <value>
                <![CDATA[789]]>
              </value>
            </param>
          </params>
          <reporter-output>
          </reporter-output>
        </test-method> <!-- getBook -->
      </class> <!-- files.DynamicJson -->
    </test> <!-- Default test -->
  </suite> <!-- Default suite -->
</testng-results>
