<?xml version="1.0" encoding="UTF-8"?>
<testng-results ignored="0" total="4" passed="4" failed="0" skipped="0">
  <reporter-output>
  </reporter-output>
  <suite started-at="2023-10-14T15:44:15 IST" name="Suite" finished-at="2023-10-14T15:44:21 IST" duration-ms="6160">
    <groups>
    </groups>
    <test started-at="2023-10-14T15:44:15 IST" name="Test" finished-at="2023-10-14T15:44:21 IST" duration-ms="6160">
      <class name="day8.UpdateUser">
        <test-method signature="test_updateUser(org.testng.ITestContext)[pri:0, instance:day8.UpdateUser@58d75e99]" started-at="2023-10-14T15:44:20 IST" name="test_updateUser" finished-at="2023-10-14T15:44:20 IST" duration-ms="826" status="PASS">
          <params>
            <param index="0">
              <value>
                <![CDATA[org.testng.TestRunner@304bb45b]]>
              </value>
            </param>
          </params>
          <reporter-output>
          </reporter-output>
        </test-method> <!-- test_updateUser -->
      </class> <!-- day8.UpdateUser -->
      <class name="day8.DeleteUser">
        <test-method signature="test_deleteUser(org.testng.ITestContext)[pri:0, instance:day8.DeleteUser@74751b3]" started-at="2023-10-14T15:44:20 IST" name="test_deleteUser" finished-at="2023-10-14T15:44:21 IST" duration-ms="968" status="PASS">
          <params>
            <param index="0">
              <value>
                <![CDATA[org.testng.TestRunner@304bb45b]]>
              </value>
            </param>
          </params>
          <reporter-output>
          </reporter-output>
        </test-method> <!-- test_deleteUser -->
      </class> <!-- day8.DeleteUser -->
      <class name="day8.CreateUser">
        <test-method signature="test_createUser(org.testng.ITestContext)[pri:0, instance:day8.CreateUser@48f278eb]" started-at="2023-10-14T15:44:15 IST" name="test_createUser" finished-at="2023-10-14T15:44:18 IST" duration-ms="3266" status="PASS">
          <params>
            <param index="0">
              <value>
                <![CDATA[org.testng.TestRunner@304bb45b]]>
              </value>
            </param>
          </params>
          <reporter-output>
          </reporter-output>
        </test-method> <!-- test_createUser -->
      </class> <!-- day8.CreateUser -->
      <class name="day8.GetUser">
        <test-method signature="test_getUser(org.testng.ITestContext)[pri:0, instance:day8.GetUser@5ba3f27a]" started-at="2023-10-14T15:44:18 IST" name="test_getUser" finished-at="2023-10-14T15:44:20 IST" duration-ms="1045" status="PASS">
          <params>
            <param index="0">
              <value>
                <![CDATA[org.testng.TestRunner@304bb45b]]>
              </value>
            </param>
          </params>
          <reporter-output>
          </reporter-output>
        </test-method> <!-- test_getUser -->
      </class> <!-- day8.GetUser -->
    </test> <!-- Test -->
  </suite> <!-- Suite -->
</testng-results>
