<?xml version="1.0" encoding="UTF-8"?>
<!-- Generated by org.testng.reporters.JUnitXMLReporter -->
<testsuite ignored="0" hostname="iamnisar812" failures="0" tests="4" name="PetTests" time="10.375" errors="0" timestamp="2023-11-01T22:34:39 IST">
  <testcase classname="api.test.UserTests" name="testPostUser" time="3.207"/>
  <testcase classname="api.test.UserTests" name="testGetUserByName" time="1.56"/>
  <testcase classname="api.test.UserTests" name="testUpdateUserByName" time="3.25"/>
  <testcase classname="api.test.UserTests" name="testDeleteUserByName" time="1.545"/>
</testsuite> <!-- PetTests -->
