<?xml version="1.0" encoding="UTF-8"?>
<!-- Generated by org.testng.reporters.JUnitXMLReporter -->
<testsuite ignored="6" hostname="iamnisar812" failures="0" tests="4" name="Regression" time="0.053" errors="0" timestamp="2023-02-05T21:04:48 IST">
  <testcase classname="Tests.day1" name="Demo" time="0.008"/>
  <testcase classname="Tests.day2" name="pLoan" time="0.001"/>
  <testcase classname="Tests.day3" name="WebLoginCarLoan" time="0.001"/>
  <testcase classname="Tests.day4" name="WebLoginHomeLoan" time="0.001"/>
  <testcase classname="Tests.day1" name="SecondTest" time="0.0">
    <ignored/>
  </testcase> <!-- SecondTest -->
  <testcase classname="Tests.day3" name="ApiLoginCarLoan" time="0.0">
    <ignored/>
  </testcase> <!-- ApiLoginCarLoan -->
  <testcase classname="Tests.day4" name="MobileLoginHomeLoan" time="0.0">
    <ignored/>
  </testcase> <!-- MobileLoginHomeLoan -->
  <testcase classname="Tests.day3" name="MobileLoginCarLoan" time="0.0">
    <ignored/>
  </testcase> <!-- MobileLoginCarLoan -->
  <testcase classname="Tests.day3" name="usingDataProvider" time="0.0">
    <ignored/>
  </testcase> <!-- usingDataProvider -->
  <testcase classname="Tests.day4" name="ApiLoginHomeLoan" time="0.0">
    <ignored/>
  </testcase> <!-- ApiLoginHomeLoan -->
</testsuite> <!-- Regression -->
