<?xml version="1.0" encoding="UTF-8"?>
<testng-results ignored="0" total="4" passed="4" failed="0" skipped="0">
  <reporter-output>
  </reporter-output>
  <suite started-at="2023-11-01T22:34:29 IST" name="PetSuite" finished-at="2023-11-01T22:34:39 IST" duration-ms="10375">
    <groups>
    </groups>
    <test started-at="2023-11-01T22:34:29 IST" name="PetTests" finished-at="2023-11-01T22:34:39 IST" duration-ms="10375">
      <class name="api.test.UserTests">
        <test-method is-config="true" signature="setup()[pri:0, instance:api.test.UserTests@d9345cd]" started-at="2023-11-01T22:34:29 IST" name="setup" finished-at="2023-11-01T22:34:29 IST" duration-ms="551" status="PASS">
          <reporter-output>
          </reporter-output>
        </test-method> <!-- setup -->
        <test-method signature="testPostUser()[pri:1, instance:api.test.UserTests@d9345cd]" started-at="2023-11-01T22:34:29 IST" name="testPostUser" finished-at="2023-11-01T22:34:33 IST" duration-ms="3207" status="PASS">
          <reporter-output>
          </reporter-output>
        </test-method> <!-- testPostUser -->
        <test-method signature="testGetUserByName()[pri:2, instance:api.test.UserTests@d9345cd]" started-at="2023-11-01T22:34:33 IST" name="testGetUserByName" finished-at="2023-11-01T22:34:34 IST" duration-ms="1560" status="PASS">
          <reporter-output>
          </reporter-output>
        </test-method> <!-- testGetUserByName -->
        <test-method signature="testUpdateUserByName()[pri:3, instance:api.test.UserTests@d9345cd]" started-at="2023-11-01T22:34:34 IST" name="testUpdateUserByName" finished-at="2023-11-01T22:34:37 IST" duration-ms="3250" status="PASS">
          <reporter-output>
          </reporter-output>
        </test-method> <!-- testUpdateUserByName -->
        <test-method signature="testDeleteUserByName()[pri:4, instance:api.test.UserTests@d9345cd]" started-at="2023-11-01T22:34:37 IST" name="testDeleteUserByName" finished-at="2023-11-01T22:34:39 IST" duration-ms="1545" status="PASS">
          <reporter-output>
          </reporter-output>
        </test-method> <!-- testDeleteUserByName -->
      </class> <!-- api.test.UserTests -->
    </test> <!-- PetTests -->
  </suite> <!-- PetSuite -->
</testng-results>
