<?xml version="1.0" encoding="UTF-8"?>
<!-- Generated by org.testng.reporters.JUnitXMLReporter -->
<testsuite ignored="0" hostname="iamnisar812" failures="0" tests="3" name="Default test" time="17.051" errors="0" timestamp="2023-06-25T12:51:09 IST">
  <testcase classname="nahmed.Tests.SubmitOrderTest" name="submitOrder" time="2.937"/>
  <testcase classname="nahmed.Tests.SubmitOrderTest" name="submitOrder" time="3.808"/>
  <testcase classname="nahmed.Tests.SubmitOrderTest" name="OrderHistoryTest" time="0.575"/>
</testsuite> <!-- Default test -->
