<?xml version="1.0" encoding="UTF-8"?>
<!-- Generated by org.testng.reporters.JUnitXMLReporter -->
<testsuite ignored="1" hostname="iamnisar812" failures="0" tests="1" name="Error Validation Test" time="3.317" errors="0" timestamp="2023-08-20T13:10:01 IST">
  <testcase classname="nahmed.Tests.ErrorValidationsTest" name="LoginErrorValidation" time="0.523"/>
  <testcase classname="nahmed.Tests.ErrorValidationsTest" name="ProductErrorValidation" time="0.0">
    <ignored/>
  </testcase> <!-- ProductErrorValidation -->
</testsuite> <!-- Error Validation Test -->
