<?xml version="1.0" encoding="UTF-8"?>
<!-- Generated by org.testng.reporters.JUnitXMLReporter -->
<testsuite ignored="0" hostname="iamnisar812" failures="0" tests="3" name="Default test" time="2.591" errors="0" timestamp="2023-07-21T23:49:07 IST">
  <testcase classname="files.DynamicJson" name="getBook" time="2.208"/>
  <testcase classname="files.DynamicJson" name="getBook" time="0.16"/>
  <testcase classname="files.DynamicJson" name="getBook" time="0.187"/>
</testsuite> <!-- Default test -->
