<?xml version="1.0" encoding="UTF-8"?>
<!-- Generated by org.testng.reporters.JUnitXMLReporter -->
<testsuite ignored="0" hostname="iamnisar812" failures="0" tests="3" name="Default test" time="0.045" errors="0" timestamp="2023-11-12T15:15:52 IST">
  <testcase classname="Tests.day4" name="MobileLoginHomeLoan" time="0.009"/>
  <testcase classname="Tests.day4" name="WebLoginHomeLoan" time="0.001"/>
  <testcase classname="Tests.day4" name="ApiLoginHomeLoan" time="0.001"/>
</testsuite> <!-- Default test -->
